c:\users\red_w\projects\fathom\fathom\debug\vc142.pdb
c:\users\red_w\projects\fathom\fathom\debug\vc142.idb
c:\users\red_w\projects\fathom\fathom\debug\vector3f.obj
c:\users\red_w\projects\fathom\fathom\debug\texture.obj
c:\users\red_w\projects\fathom\fathom\debug\shader.obj
c:\users\red_w\projects\fathom\fathom\debug\model.obj
c:\users\red_w\projects\fathom\fathom\debug\matrix.obj
c:\users\red_w\projects\fathom\fathom\debug\main2.obj
c:\users\red_w\projects\fathom\fathom\debug\lighting.obj
c:\users\red_w\projects\fathom\fathom\debug\fbo.obj
c:\users\red_w\projects\fathom\fathom\debug\conversions.obj
c:\users\red_w\projects\fathom\fathom\debug\fbxfathom.obj
c:\users\red_w\projects\fathom\fathom\debug\fathom.ilk
c:\users\red_w\projects\fathom\fathom\debug\fathom.exe
c:\users\red_w\projects\fathom\fathom\debug\fathom.pdb
c:\users\red_w\projects\fathom\debug\fathom.exe
c:\users\red_w\projects\fathom\debug\fathom.ilk
c:\users\red_w\projects\fathom\fathom\debug\fathom.tlog\cl.command.1.tlog
c:\users\red_w\projects\fathom\fathom\debug\fathom.tlog\cl.read.1.tlog
c:\users\red_w\projects\fathom\fathom\debug\fathom.tlog\cl.write.1.tlog
c:\users\red_w\projects\fathom\fathom\debug\fathom.tlog\link.command.1.tlog
c:\users\red_w\projects\fathom\fathom\debug\fathom.tlog\link.read.1.tlog
c:\users\red_w\projects\fathom\fathom\debug\fathom.tlog\link.write.1.tlog
