  Conversions.cpp
C:\Users\red_w\Projects\Fathom\Fathom\Conversions.cpp(43,13): warning C4244: 'return': conversion from 'double' to 'float', possible loss of data
C:\Users\red_w\Projects\Fathom\Fathom\Conversions.cpp(50,2): warning C4996: 'sprintf': This function or variable may be unsafe. Consider using sprintf_s instead. To disable deprecation, use _CRT_SECURE_NO_WARNINGS. See online help for details.
  FBO.cpp
  FBXFathom.cpp
  Lighting.cpp
C:\Users\red_w\Projects\Fathom\Fathom\Lighting.cpp(35,45): warning C4305: 'initializing': truncation from 'double' to 'float'
C:\Users\red_w\Projects\Fathom\Fathom\Lighting.cpp(36,45): warning C4305: 'initializing': truncation from 'double' to 'float'
C:\Users\red_w\Projects\Fathom\Fathom\Lighting.cpp(37,46): warning C4305: 'initializing': truncation from 'double' to 'float'
C:\Users\red_w\Projects\Fathom\Fathom\Lighting.cpp(38,36): warning C4305: 'initializing': truncation from 'double' to 'float'
  main2.cpp
C:\Users\red_w\Projects\Fathom\Fathom\main2.cpp(70,31): warning C4305: 'initializing': truncation from 'double' to 'float'
C:\Users\red_w\Projects\Fathom\Fathom\main2.cpp(73,43): warning C4305: 'initializing': truncation from 'double' to 'float'
C:\Users\red_w\Projects\Fathom\Fathom\main2.cpp(74,49): warning C4305: 'initializing': truncation from 'double' to 'float'
C:\Users\red_w\Projects\Fathom\Fathom\main2.cpp(140,40): warning C4244: 'argument': conversion from 'float' to 'int', possible loss of data
C:\Users\red_w\Projects\Fathom\Fathom\main2.cpp(140,21): warning C4244: 'argument': conversion from 'float' to 'int', possible loss of data
C:\Users\red_w\Projects\Fathom\Fathom\main2.cpp(144,48): warning C4244: '=': conversion from 'double' to 'unsigned int', possible loss of data
C:\Users\red_w\Projects\Fathom\Fathom\main2.cpp(146,50): warning C4244: '=': conversion from 'double' to 'unsigned int', possible loss of data
C:\Users\red_w\Projects\Fathom\Fathom\main2.cpp(170,30): warning C4305: 'argument': truncation from 'double' to 'GLclampf'
C:\Users\red_w\Projects\Fathom\Fathom\main2.cpp(195,23): warning C4244: '=': conversion from 'int' to 'float', possible loss of data
C:\Users\red_w\Projects\Fathom\Fathom\main2.cpp(196,22): warning C4244: '=': conversion from 'int' to 'float', possible loss of data
C:\Users\red_w\Projects\Fathom\Fathom\main2.cpp(197,26): warning C4244: '=': conversion from 'double' to 'float', possible loss of data
C:\Users\red_w\Projects\Fathom\Fathom\main2.cpp(218,22): warning C4244: 'argument': conversion from 'double' to 'unsigned int', possible loss of data
C:\Users\red_w\Projects\Fathom\Fathom\main2.cpp(237,22): warning C4305: '*=': truncation from 'double' to 'float'
C:\Users\red_w\Projects\Fathom\Fathom\main2.cpp(243,22): warning C4305: '/=': truncation from 'double' to 'float'
C:\Users\red_w\Projects\Fathom\Fathom\main2.cpp(309,35): warning C4244: '+=': conversion from 'double' to 'float', possible loss of data
C:\Users\red_w\Projects\Fathom\Fathom\main2.cpp(310,35): warning C4244: '+=': conversion from 'double' to 'float', possible loss of data
C:\Users\red_w\Projects\Fathom\Fathom\main2.cpp(322,42): warning C4244: '+=': conversion from 'double' to 'float', possible loss of data
C:\Users\red_w\Projects\Fathom\Fathom\main2.cpp(323,42): warning C4244: '+=': conversion from 'double' to 'float', possible loss of data
C:\Users\red_w\Projects\Fathom\Fathom\main2.cpp(408,27): warning C4244: '+=': conversion from 'double' to 'float', possible loss of data
C:\Users\red_w\Projects\Fathom\Fathom\main2.cpp(419,46): warning C4305: 'initializing': truncation from 'double' to 'float'
C:\Users\red_w\Projects\Fathom\Fathom\main2.cpp(420,45): warning C4305: 'initializing': truncation from 'double' to 'float'
C:\Users\red_w\Projects\Fathom\Fathom\main2.cpp(421,46): warning C4305: 'initializing': truncation from 'double' to 'float'
C:\Users\red_w\Projects\Fathom\Fathom\main2.cpp(422,29): warning C4305: 'initializing': truncation from 'double' to 'float'
  Matrix.cpp
C:\Users\red_w\Projects\Fathom\Fathom\Matrix.cpp(85,20): warning C4244: 'initializing': conversion from 'double' to 'float', possible loss of data
C:\Users\red_w\Projects\Fathom\Fathom\Matrix.cpp(86,20): warning C4244: 'initializing': conversion from 'double' to 'float', possible loss of data
C:\Users\red_w\Projects\Fathom\Fathom\Matrix.cpp(94,19): warning C4244: '=': conversion from 'double' to 'float', possible loss of data
C:\Users\red_w\Projects\Fathom\Fathom\Matrix.cpp(95,19): warning C4244: '=': conversion from 'double' to 'float', possible loss of data
C:\Users\red_w\Projects\Fathom\Fathom\Matrix.cpp(103,19): warning C4244: '=': conversion from 'double' to 'float', possible loss of data
C:\Users\red_w\Projects\Fathom\Fathom\Matrix.cpp(104,19): warning C4244: '=': conversion from 'double' to 'float', possible loss of data
C:\Users\red_w\Projects\Fathom\Fathom\Matrix.cpp(517,30): warning C4244: '=': conversion from 'double' to 'float', possible loss of data
C:\Users\red_w\Projects\Fathom\Fathom\Matrix.cpp(523,20): warning C4244: '=': conversion from 'double' to 'float', possible loss of data
C:\Users\red_w\Projects\Fathom\Fathom\Matrix.cpp(529,36): warning C4244: '=': conversion from 'double' to 'float', possible loss of data
C:\Users\red_w\Projects\Fathom\Fathom\Matrix.cpp(530,38): warning C4244: '=': conversion from 'double' to 'float', possible loss of data
C:\Users\red_w\Projects\Fathom\Fathom\Matrix.cpp(548,43): warning C4244: 'argument': conversion from 'double' to 'float', possible loss of data
C:\Users\red_w\Projects\Fathom\Fathom\Matrix.cpp(548,28): warning C4244: 'argument': conversion from 'double' to 'float', possible loss of data
C:\Users\red_w\Projects\Fathom\Fathom\Matrix.cpp(548,13): warning C4244: 'argument': conversion from 'double' to 'float', possible loss of data
C:\Users\red_w\Projects\Fathom\Fathom\Matrix.cpp(551,18): warning C4244: 'argument': conversion from 'double' to 'float', possible loss of data
C:\Users\red_w\Projects\Fathom\Fathom\Matrix.cpp(551,13): warning C4244: 'argument': conversion from 'double' to 'float', possible loss of data
C:\Users\red_w\Projects\Fathom\Fathom\Matrix.cpp(551,8): warning C4244: 'argument': conversion from 'double' to 'float', possible loss of data
C:\Users\red_w\Projects\Fathom\Fathom\Matrix.cpp(564,81): warning C4244: '=': conversion from 'double' to 'float', possible loss of data
C:\Users\red_w\Projects\Fathom\Fathom\Matrix.cpp(567,81): warning C4244: '=': conversion from 'double' to 'float', possible loss of data
C:\Users\red_w\Projects\Fathom\Fathom\Matrix.cpp(570,81): warning C4244: '=': conversion from 'double' to 'float', possible loss of data
C:\Users\red_w\Projects\Fathom\Fathom\Matrix.cpp(546,9): warning C4101: 'mag': unreferenced local variable
C:\Users\red_w\Projects\Fathom\Fathom\Matrix.cpp(626,24): warning C4244: '=': conversion from 'double' to 'float', possible loss of data
C:\Users\red_w\Projects\Fathom\Fathom\Matrix.cpp(626,49): warning C4244: '=': conversion from 'double' to 'float', possible loss of data
C:\Users\red_w\Projects\Fathom\Fathom\Matrix.cpp(627,24): warning C4244: '=': conversion from 'double' to 'float', possible loss of data
C:\Users\red_w\Projects\Fathom\Fathom\Matrix.cpp(627,70): warning C4244: '=': conversion from 'double' to 'float', possible loss of data
C:\Users\red_w\Projects\Fathom\Fathom\Matrix.cpp(629,24): warning C4244: '=': conversion from 'double' to 'float', possible loss of data
C:\Users\red_w\Projects\Fathom\Fathom\Matrix.cpp(629,49): warning C4244: '=': conversion from 'double' to 'float', possible loss of data
C:\Users\red_w\Projects\Fathom\Fathom\Matrix.cpp(630,24): warning C4244: '=': conversion from 'double' to 'float', possible loss of data
C:\Users\red_w\Projects\Fathom\Fathom\Matrix.cpp(630,70): warning C4244: '=': conversion from 'double' to 'float', possible loss of data
C:\Users\red_w\Projects\Fathom\Fathom\Matrix.cpp(632,24): warning C4244: '=': conversion from 'double' to 'float', possible loss of data
C:\Users\red_w\Projects\Fathom\Fathom\Matrix.cpp(632,49): warning C4244: '=': conversion from 'double' to 'float', possible loss of data
C:\Users\red_w\Projects\Fathom\Fathom\Matrix.cpp(633,24): warning C4244: '=': conversion from 'double' to 'float', possible loss of data
C:\Users\red_w\Projects\Fathom\Fathom\Matrix.cpp(633,70): warning C4244: '=': conversion from 'double' to 'float', possible loss of data
C:\Users\red_w\Projects\Fathom\Fathom\Matrix.cpp(643,13): warning C4244: '=': conversion from 'double' to 'float', possible loss of data
C:\Users\red_w\Projects\Fathom\Fathom\Matrix.cpp(693,27): warning C4244: '=': conversion from 'double' to 'float', possible loss of data
C:\Users\red_w\Projects\Fathom\Fathom\Matrix.cpp(821,35): warning C4244: '=': conversion from 'GLint' to 'float', possible loss of data
  Model.cpp
C:\Users\red_w\Projects\Fathom\Fathom\Model.cpp(327,40): warning C4244: '=': conversion from 'int' to 'float', possible loss of data
C:\Users\red_w\Projects\Fathom\Fathom\Model.cpp(328,44): warning C4244: '=': conversion from 'int' to 'float', possible loss of data
C:\Users\red_w\Projects\Fathom\Fathom\Model.cpp(329,44): warning C4244: '=': conversion from 'int' to 'float', possible loss of data
C:\Users\red_w\Projects\Fathom\Fathom\Model.cpp(1655,42): warning C4244: 'argument': conversion from 'float' to 'GLint', possible loss of data
C:\Users\red_w\Projects\Fathom\Fathom\Model.cpp(1655,35): warning C4244: 'argument': conversion from 'float' to 'GLint', possible loss of data
  Shader.cpp
C:\Users\red_w\Projects\Fathom\Fathom\Shader.cpp(39,20): warning C4244: 'initializing': conversion from 'std::streamoff' to 'unsigned long', possible loss of data
C:\Users\red_w\Projects\Fathom\Fathom\Shader.cpp(41,20): warning C4244: 'initializing': conversion from 'std::streamoff' to 'unsigned long', possible loss of data
C:\Users\red_w\Projects\Fathom\Fathom\Shader.cpp(104,20): warning C4018: '<': signed/unsigned mismatch
  Texture.cpp
  Vector3f.cpp
C:\Users\red_w\Projects\Fathom\Fathom\Vector3f.cpp(79,14): warning C4244: 'initializing': conversion from 'double' to 'float', possible loss of data
LINK : fatal error LNK1181: cannot open input file 'glut32.lib'
